  Main.cpp
G:\Для учёбы\Визуал стадия С++\ПНИПУ\28 (К11) 3\28 (К11) 3\Vector.h(67,20): warning C4018: <: несоответствие типов со знаком и без знака
G:\Для учёбы\Визуал стадия С++\ПНИПУ\28 (К11) 3\28 (К11) 3\Vector.h(65): message : во время компиляции функции-члена класс шаблон "void Vector<Money>::Print_vector(void)"
G:\Для учёбы\Визуал стадия С++\ПНИПУ\28 (К11) 3\28 (К11) 3\Main.cpp(27): message : выполняется компиляция ссылки на экземпляр шаблон функции "void Vector<Money>::Print_vector(void)"
G:\Для учёбы\Визуал стадия С++\ПНИПУ\28 (К11) 3\28 (К11) 3\Main.cpp(25): message : выполняется компиляция ссылки на экземпляр класс шаблон функции "Vector<Money>"
G:\Для учёбы\Визуал стадия С++\ПНИПУ\28 (К11) 3\28 (К11) 3\Vector.h(104,20): warning C4018: <: несоответствие типов со знаком и без знака
G:\Для учёбы\Визуал стадия С++\ПНИПУ\28 (К11) 3\28 (К11) 3\Vector.h(101): message : во время компиляции функции-члена класс шаблон "void Vector<Money>::Delete_vector(Money)"
G:\Для учёбы\Визуал стадия С++\ПНИПУ\28 (К11) 3\28 (К11) 3\Main.cpp(41): message : выполняется компиляция ссылки на экземпляр шаблон функции "void Vector<Money>::Delete_vector(Money)"
G:\Для учёбы\Визуал стадия С++\ПНИПУ\28 (К11) 3\28 (К11) 3\Vector.h(131,20): warning C4018: <: несоответствие типов со знаком и без знака
G:\Для учёбы\Визуал стадия С++\ПНИПУ\28 (К11) 3\28 (К11) 3\Vector.h(128): message : во время компиляции функции-члена класс шаблон "Money Vector<Money>::Min(void)"
G:\Для учёбы\Визуал стадия С++\ПНИПУ\28 (К11) 3\28 (К11) 3\Main.cpp(29): message : выполняется компиляция ссылки на экземпляр шаблон функции "Money Vector<Money>::Min(void)"
G:\Для учёбы\Визуал стадия С++\ПНИПУ\28 (К11) 3\28 (К11) 3\Vector.h(148,20): warning C4018: <: несоответствие типов со знаком и без знака
G:\Для учёбы\Визуал стадия С++\ПНИПУ\28 (К11) 3\28 (К11) 3\Vector.h(145): message : во время компиляции функции-члена класс шаблон "void Vector<Money>::Multiplication(void)"
G:\Для учёбы\Визуал стадия С++\ПНИПУ\28 (К11) 3\28 (К11) 3\Main.cpp(45): message : выполняется компиляция ссылки на экземпляр шаблон функции "void Vector<Money>::Multiplication(void)"
G:\Для учёбы\Визуал стадия С++\ПНИПУ\28 (К11) 3\28 (К11) 3\Vector.h(87,20): warning C4018: <: несоответствие типов со знаком и без знака
G:\Для учёбы\Визуал стадия С++\ПНИПУ\28 (К11) 3\28 (К11) 3\Vector.h(84): message : во время компиляции функции-члена класс шаблон "int Vector<Money>::Max(void)"
G:\Для учёбы\Визуал стадия С++\ПНИПУ\28 (К11) 3\28 (К11) 3\Vector.h(146): message : выполняется компиляция ссылки на экземпляр шаблон функции "int Vector<Money>::Max(void)"
G:\Для учёбы\Визуал стадия С++\ПНИПУ\28 (К11) 3\28 (К11) 3\Vector.h(50): message : во время компиляции функции-члена класс шаблон "Vector<Money>::Vector(int)"
G:\Для учёбы\Визуал стадия С++\ПНИПУ\28 (К11) 3\28 (К11) 3\Main.cpp(25): message : выполняется компиляция ссылки на экземпляр шаблон функции "Vector<Money>::Vector(int)"
  Money.cpp
  Создание кода...
  28 (К11) 3.vcxproj -> G:\Для учёбы\Визуал стадия С++\ПНИПУ\28 (К11) 3\Debug\28 (К11) 3.exe
