  Main.cpp
  Граф.cpp
G:\Для учёбы\Визуал стадия С++\ПНИПУ\Комивояжер\Комивояжер\Граф.cpp(42,20): warning C4018: <: несоответствие типов со знаком и без знака
G:\Для учёбы\Визуал стадия С++\ПНИПУ\Комивояжер\Комивояжер\Граф.cpp(118,21): warning C4018: <: несоответствие типов со знаком и без знака
G:\Для учёбы\Визуал стадия С++\ПНИПУ\Комивояжер\Комивояжер\Граф.cpp(121,22): warning C4018: <: несоответствие типов со знаком и без знака
G:\Для учёбы\Визуал стадия С++\ПНИПУ\Комивояжер\Комивояжер\Граф.cpp(140,20): warning C4018: <: несоответствие типов со знаком и без знака
G:\Для учёбы\Визуал стадия С++\ПНИПУ\Комивояжер\Комивояжер\Граф.cpp(142,21): warning C4018: <: несоответствие типов со знаком и без знака
G:\Для учёбы\Визуал стадия С++\ПНИПУ\Комивояжер\Комивояжер\Граф.cpp(342,20): warning C4018: <: несоответствие типов со знаком и без знака
G:\Для учёбы\Визуал стадия С++\ПНИПУ\Комивояжер\Комивояжер\Граф.cpp(373,20): warning C4018: <: несоответствие типов со знаком и без знака
G:\Для учёбы\Визуал стадия С++\ПНИПУ\Комивояжер\Комивояжер\Граф.cpp(383,20): warning C4018: <: несоответствие типов со знаком и без знака
G:\Для учёбы\Визуал стадия С++\ПНИПУ\Комивояжер\Комивояжер\Граф.cpp(420,34): warning C4244: аргумент: преобразование "double" в "GLint", возможна потеря данных
G:\Для учёбы\Визуал стадия С++\ПНИПУ\Комивояжер\Комивояжер\Граф.cpp(422,20): warning C4018: <: несоответствие типов со знаком и без знака
G:\Для учёбы\Визуал стадия С++\ПНИПУ\Комивояжер\Комивояжер\Граф.cpp(455,34): warning C4244: аргумент: преобразование "double" в "GLint", возможна потеря данных
G:\Для учёбы\Визуал стадия С++\ПНИПУ\Комивояжер\Комивояжер\Граф.cpp(457,20): warning C4018: <: несоответствие типов со знаком и без знака
G:\Для учёбы\Визуал стадия С++\ПНИПУ\Комивояжер\Комивояжер\Граф.cpp(490,34): warning C4244: аргумент: преобразование "double" в "GLint", возможна потеря данных
G:\Для учёбы\Визуал стадия С++\ПНИПУ\Комивояжер\Комивояжер\Граф.cpp(492,20): warning C4018: <: несоответствие типов со знаком и без знака
G:\Для учёбы\Визуал стадия С++\ПНИПУ\Комивояжер\Комивояжер\Граф.cpp(496,45): warning C4244: аргумент: преобразование "double" в "GLint", возможна потеря данных
G:\Для учёбы\Визуал стадия С++\ПНИПУ\Комивояжер\Комивояжер\Граф.cpp(526,36): warning C4244: аргумент: преобразование "double" в "GLint", возможна потеря данных
G:\Для учёбы\Визуал стадия С++\ПНИПУ\Комивояжер\Комивояжер\Граф.cpp(526,23): warning C4244: аргумент: преобразование "double" в "GLint", возможна потеря данных
G:\Для учёбы\Визуал стадия С++\ПНИПУ\Комивояжер\Комивояжер\Граф.cpp(528,20): warning C4018: <: несоответствие типов со знаком и без знака
G:\Для учёбы\Визуал стадия С++\ПНИПУ\Комивояжер\Комивояжер\Граф.cpp(614,15): warning C4244: инициализация: преобразование "int" в "float", возможна потеря данных
G:\Для учёбы\Визуал стадия С++\ПНИПУ\Комивояжер\Комивояжер\Граф.cpp(615,15): warning C4244: инициализация: преобразование "int" в "float", возможна потеря данных
G:\Для учёбы\Визуал стадия С++\ПНИПУ\Комивояжер\Комивояжер\Граф.cpp(619,10): warning C4244: =: преобразование "float" в "int", возможна потеря данных
G:\Для учёбы\Визуал стадия С++\ПНИПУ\Комивояжер\Комивояжер\Граф.cpp(620,10): warning C4244: =: преобразование "float" в "int", возможна потеря данных
G:\Для учёбы\Визуал стадия С++\ПНИПУ\Комивояжер\Комивояжер\Граф.cpp(624,17): warning C4244: аргумент: преобразование "int" в "GLfloat", возможна потеря данных
G:\Для учёбы\Визуал стадия С++\ПНИПУ\Комивояжер\Комивояжер\Граф.cpp(624,13): warning C4244: аргумент: преобразование "int" в "GLfloat", возможна потеря данных
G:\Для учёбы\Визуал стадия С++\ПНИПУ\Комивояжер\Комивояжер\Граф.cpp(665,9): warning C4244: инициализация: преобразование "float" в "int", возможна потеря данных
G:\Для учёбы\Визуал стадия С++\ПНИПУ\Комивояжер\Комивояжер\Граф.cpp(666,9): warning C4244: инициализация: преобразование "float" в "int", возможна потеря данных
G:\Для учёбы\Визуал стадия С++\ПНИПУ\Комивояжер\Комивояжер\Граф.cpp(806,33): warning C4305: аргумент: усечение из "double" в "GLclampf"
G:\Для учёбы\Визуал стадия С++\ПНИПУ\Комивояжер\Комивояжер\Граф.cpp(872,23): warning C4018: <: несоответствие типов со знаком и без знака
  Создание кода...
  Комивояжер.vcxproj -> G:\Для учёбы\Визуал стадия С++\ПНИПУ\Комивояжер\Debug\Комивояжер.exe
